  TreeTamer.cpp
C:\Users\Jerzy\source\repos\TreeTamer\TreeTamerCpp\TreeTamer\TreeTamer.h(37,13): error C3245: 'TreeTamer::TreePath': use of a variable template requires template argument list
  (compiling source file '/TreeTamer.cpp')
      C:\Users\Jerzy\source\repos\TreeTamer\TreeTamerCpp\TreeTamer\TreeTamer.h(10,10):
      see declaration of 'TreeTamer::TreePath'
      C:\Users\Jerzy\source\repos\TreeTamer\TreeTamerCpp\TreeTamer\TreeTamer.h(37,13):
      the template instantiation context (the oldest one first) is
          C:\Users\Jerzy\source\repos\TreeTamer\TreeTamerCpp\TreeTamer\TreeTamer.h(35,8):
          while compiling class template 'TreeTamer::TreeTamerConfig'
  
C:\Users\Jerzy\source\repos\TreeTamer\TreeTamerCpp\TreeTamer\TreeTamer.h(37,8): error C2974: 'std::list': invalid template argument for '_Ty', type expected
  (compiling source file '/TreeTamer.cpp')
      C:\Program Files\Microsoft Visual Studio\2022\Community\VC\Tools\MSVC\14.43.34808\include\list(759,7):
      see declaration of 'std::list'
  
C:\Users\Jerzy\source\repos\TreeTamer\TreeTamerCpp\TreeTamer\TreeTamer.h(37,8): error C2976: 'std::list': too few template arguments
  (compiling source file '/TreeTamer.cpp')
      C:\Program Files\Microsoft Visual Studio\2022\Community\VC\Tools\MSVC\14.43.34808\include\list(759,7):
      see declaration of 'std::list'
  
C:\Users\Jerzy\source\repos\TreeTamer\TreeTamerCpp\TreeTamer\TreeTamer.h(37,23): error C2955: 'std::list': use of class template requires template argument list
  (compiling source file '/TreeTamer.cpp')
      C:\Program Files\Microsoft Visual Studio\2022\Community\VC\Tools\MSVC\14.43.34808\include\list(759,7):
      see declaration of 'std::list'
  
C:\Users\Jerzy\source\repos\TreeTamer\TreeTamerCpp\TreeTamer\TreeTamer.h(38,3): error C2976: 'TreeTamer::IIterableTree': too few template arguments
  (compiling source file '/TreeTamer.cpp')
      C:\Users\Jerzy\source\repos\TreeTamer\TreeTamerCpp\TreeTamer\TreeTamer.h(30,10):
      see declaration of 'TreeTamer::IIterableTree'
  
C:\Users\Jerzy\source\repos\TreeTamer\TreeTamerCpp\TreeTamer\TreeTamer.h(38,27): error C3646: 'data': unknown override specifier
  (compiling source file '/TreeTamer.cpp')
  
C:\Users\Jerzy\source\repos\TreeTamer\TreeTamerCpp\TreeTamer\TreeTamer.h(38,3): error C4430: missing type specifier - int assumed. Note: C++ does not support default-int
  (compiling source file '/TreeTamer.cpp')
  
C:\Users\Jerzy\source\repos\TreeTamer\TreeTamerCpp\TreeTamer\TreeTamer.h(39,8): error C2039: 'function': is not a member of 'std'
  (compiling source file '/TreeTamer.cpp')
      C:\Program Files\Microsoft Visual Studio\2022\Community\VC\Tools\MSVC\14.43.34808\include\memory(31,1):
      see declaration of 'std'
  
C:\Users\Jerzy\source\repos\TreeTamer\TreeTamerCpp\TreeTamer\TreeTamer.h(39,32): error C2065: 'PathType': undeclared identifier
  (compiling source file '/TreeTamer.cpp')
  
C:\Users\Jerzy\source\repos\TreeTamer\TreeTamerCpp\TreeTamer\TreeTamer.h(39,28): error C2923: 'std::map': 'PathType' is not a valid template type argument for parameter '_Kty'
  (compiling source file '/TreeTamer.cpp')
      C:\Users\Jerzy\source\repos\TreeTamer\TreeTamerCpp\TreeTamer\TreeTamer.h(39,32):
      see declaration of 'PathType'
  
C:\Users\Jerzy\source\repos\TreeTamer\TreeTamerCpp\TreeTamer\TreeTamer.h(39,28): error C2976: 'std::map': too few template arguments
  (compiling source file '/TreeTamer.cpp')
      C:\Program Files\Microsoft Visual Studio\2022\Community\VC\Tools\MSVC\14.43.34808\include\map(72,7):
      see declaration of 'std::map'
  
C:\Users\Jerzy\source\repos\TreeTamer\TreeTamerCpp\TreeTamer\TreeTamer.h(39,28): error C2955: 'std::map': use of class template requires template argument list
  (compiling source file '/TreeTamer.cpp')
      C:\Program Files\Microsoft Visual Studio\2022\Community\VC\Tools\MSVC\14.43.34808\include\map(72,7):
      see declaration of 'std::map'
  
C:\Users\Jerzy\source\repos\TreeTamer\TreeTamerCpp\TreeTamer\TreeTamer.h(39,8): error C7568: argument list missing after assumed function template 'function'
  (compiling source file '/TreeTamer.cpp')
  
C:\Users\Jerzy\source\repos\TreeTamer\TreeTamerCpp\TreeTamer\TreeTamer.h(39,8): error C2062: type 'unknown-type' unexpected
  (compiling source file '/TreeTamer.cpp')
  
C:\Users\Jerzy\source\repos\TreeTamer\TreeTamerCpp\TreeTamer\TreeTamer.h(39,82): error C2238: unexpected token(s) preceding ';'
  (compiling source file '/TreeTamer.cpp')
  
C:\Users\Jerzy\source\repos\TreeTamer\TreeTamerCpp\TreeTamer\TreeTamer.h(42,19): error C2061: syntax error: identifier 'data'
  (compiling source file '/TreeTamer.cpp')
  
C:\Users\Jerzy\source\repos\TreeTamer\TreeTamerCpp\TreeTamer\TreeTamer.h(42,78): error C3861: 'data': identifier not found
  (compiling source file '/TreeTamer.cpp')
  
C:\Users\Jerzy\source\repos\TreeTamer\TreeTamerCpp\TreeTamer\TreeTamer.h(42,83): error C3861: 'data': identifier not found
  (compiling source file '/TreeTamer.cpp')
  
C:\Users\Jerzy\source\repos\TreeTamer\TreeTamerCpp\TreeTamer\TreeTamer.h(42,90): error C3861: 'onDataEntryFulfilledCallback': identifier not found
  (compiling source file '/TreeTamer.cpp')
  
C:\Users\Jerzy\source\repos\TreeTamer\TreeTamerCpp\TreeTamer\TreeTamer.h(42,119): error C3861: 'onDataEntryFulfilledCallback': identifier not found
  (compiling source file '/TreeTamer.cpp')
  
C:\Users\Jerzy\source\repos\TreeTamer\TreeTamerCpp\TreeTamer\TreeTamer.h(42,83): error C2065: 'data': undeclared identifier
  (compiling source file '/TreeTamer.cpp')
  
C:\Users\Jerzy\source\repos\TreeTamer\TreeTamerCpp\TreeTamer\TreeTamer.h(42,119): error C2065: 'onDataEntryFulfilledCallback': undeclared identifier
  (compiling source file '/TreeTamer.cpp')
  
C:\Users\Jerzy\source\repos\TreeTamer\TreeTamerCpp\TreeTamer\TreeTamer.cpp(8,1): error C2143: syntax error: missing ';' before 'namespace'
  (compiling source file '/TreeTamer.cpp')
  
C:\Users\Jerzy\source\repos\TreeTamer\TreeTamerCpp\TreeTamer\TreeTamer.h(49,17): error C3646: 'tree': unknown override specifier
  (compiling source file '/TreeTamer.cpp')
      C:\Users\Jerzy\source\repos\TreeTamer\TreeTamerCpp\TreeTamer\TreeTamer.h(49,17):
      the template instantiation context (the oldest one first) is
          C:\Users\Jerzy\source\repos\TreeTamer\TreeTamerCpp\TreeTamer\TreeTamer.h(46,8):
          while compiling class template 'TreeTamer::TreeTamer'
  
C:\Users\Jerzy\source\repos\TreeTamer\TreeTamerCpp\TreeTamer\TreeTamer.h(49,3): error C4430: missing type specifier - int assumed. Note: C++ does not support default-int
  (compiling source file '/TreeTamer.cpp')
  
C:\Users\Jerzy\source\repos\TreeTamer\TreeTamerCpp\TreeTamer\TreeTamer.h(50,16): error C3646: 'iterator': unknown override specifier
  (compiling source file '/TreeTamer.cpp')
  
C:\Users\Jerzy\source\repos\TreeTamer\TreeTamerCpp\TreeTamer\TreeTamer.h(50,3): error C4430: missing type specifier - int assumed. Note: C++ does not support default-int
  (compiling source file '/TreeTamer.cpp')
  
C:\Users\Jerzy\source\repos\TreeTamer\TreeTamerCpp\TreeTamer\TreeTamer.h(51,13): error C3245: 'TreeTamer::TreePath': use of a variable template requires template argument list
  (compiling source file '/TreeTamer.cpp')
      C:\Users\Jerzy\source\repos\TreeTamer\TreeTamerCpp\TreeTamer\TreeTamer.h(10,10):
      see declaration of 'TreeTamer::TreePath'
  
C:\Users\Jerzy\source\repos\TreeTamer\TreeTamerCpp\TreeTamer\TreeTamer.h(51,8): error C2974: 'std::list': invalid template argument for '_Ty', type expected
  (compiling source file '/TreeTamer.cpp')
      C:\Program Files\Microsoft Visual Studio\2022\Community\VC\Tools\MSVC\14.43.34808\include\list(759,7):
      see declaration of 'std::list'
  
C:\Users\Jerzy\source\repos\TreeTamer\TreeTamerCpp\TreeTamer\TreeTamer.h(51,8): error C2976: 'std::list': too few template arguments
  (compiling source file '/TreeTamer.cpp')
      C:\Program Files\Microsoft Visual Studio\2022\Community\VC\Tools\MSVC\14.43.34808\include\list(759,7):
      see declaration of 'std::list'
  
C:\Users\Jerzy\source\repos\TreeTamer\TreeTamerCpp\TreeTamer\TreeTamer.h(51,23): error C2955: 'std::list': use of class template requires template argument list
  (compiling source file '/TreeTamer.cpp')
      C:\Program Files\Microsoft Visual Studio\2022\Community\VC\Tools\MSVC\14.43.34808\include\list(759,7):
      see declaration of 'std::list'
  
C:\Users\Jerzy\source\repos\TreeTamer\TreeTamerCpp\TreeTamer\TreeTamer.h(52,8): error C2039: 'function': is not a member of 'std'
  (compiling source file '/TreeTamer.cpp')
      C:\Program Files\Microsoft Visual Studio\2022\Community\VC\Tools\MSVC\14.43.34808\include\memory(31,1):
      see declaration of 'std'
  
C:\Users\Jerzy\source\repos\TreeTamer\TreeTamerCpp\TreeTamer\TreeTamer.h(52,32): error C2065: 'PathType': undeclared identifier
  (compiling source file '/TreeTamer.cpp')
  
C:\Users\Jerzy\source\repos\TreeTamer\TreeTamerCpp\TreeTamer\TreeTamer.h(52,28): error C2923: 'std::map': 'PathType' is not a valid template type argument for parameter '_Kty'
  (compiling source file '/TreeTamer.cpp')
      C:\Users\Jerzy\source\repos\TreeTamer\TreeTamerCpp\TreeTamer\TreeTamer.h(52,32):
      see declaration of 'PathType'
  
C:\Users\Jerzy\source\repos\TreeTamer\TreeTamerCpp\TreeTamer\TreeTamer.h(52,28): error C2976: 'std::map': too few template arguments
  (compiling source file '/TreeTamer.cpp')
      C:\Program Files\Microsoft Visual Studio\2022\Community\VC\Tools\MSVC\14.43.34808\include\map(72,7):
      see declaration of 'std::map'
  
C:\Users\Jerzy\source\repos\TreeTamer\TreeTamerCpp\TreeTamer\TreeTamer.h(52,28): error C2955: 'std::map': use of class template requires template argument list
  (compiling source file '/TreeTamer.cpp')
      C:\Program Files\Microsoft Visual Studio\2022\Community\VC\Tools\MSVC\14.43.34808\include\map(72,7):
      see declaration of 'std::map'
  
C:\Users\Jerzy\source\repos\TreeTamer\TreeTamerCpp\TreeTamer\TreeTamer.h(52,8): error C7568: argument list missing after assumed function template 'function'
  (compiling source file '/TreeTamer.cpp')
  
C:\Users\Jerzy\source\repos\TreeTamer\TreeTamerCpp\TreeTamer\TreeTamer.h(52,8): error C2062: type 'unknown-type' unexpected
  (compiling source file '/TreeTamer.cpp')
  
C:\Users\Jerzy\source\repos\TreeTamer\TreeTamerCpp\TreeTamer\TreeTamer.h(52,82): error C2238: unexpected token(s) preceding ';'
  (compiling source file '/TreeTamer.cpp')
  
C:\Users\Jerzy\source\repos\TreeTamer\TreeTamerCpp\TreeTamer\TreeTamer.h(57,29): error C2065: 'PathType': undeclared identifier
  (compiling source file '/TreeTamer.cpp')
  
C:\Users\Jerzy\source\repos\TreeTamer\TreeTamerCpp\TreeTamer\TreeTamer.h(57,13): error C2977: 'TreeTamer::TreeTamerConfig': too many template arguments
  (compiling source file '/TreeTamer.cpp')
      C:\Users\Jerzy\source\repos\TreeTamer\TreeTamerCpp\TreeTamer\TreeTamer.h(35,8):
      see declaration of 'TreeTamer::TreeTamerConfig'
  
C:\Users\Jerzy\source\repos\TreeTamer\TreeTamerCpp\TreeTamer\TreeTamer.h(57,50): error C2955: 'TreeTamer::TreeTamerConfig': use of class template requires template argument list
  (compiling source file '/TreeTamer.cpp')
      C:\Users\Jerzy\source\repos\TreeTamer\TreeTamerCpp\TreeTamer\TreeTamer.h(35,8):
      see declaration of 'TreeTamer::TreeTamerConfig'
  
C:\Users\Jerzy\source\repos\TreeTamer\TreeTamerCpp\TreeTamer\TreeTamer.h(65,51): error C2065: 'PathType': undeclared identifier
  (compiling source file '/TreeTamer.cpp')
  
C:\Users\Jerzy\source\repos\TreeTamer\TreeTamerCpp\TreeTamer\TreeTamer.h(65,47): error C2923: 'std::map': 'PathType' is not a valid template type argument for parameter '_Kty'
  (compiling source file '/TreeTamer.cpp')
      C:\Users\Jerzy\source\repos\TreeTamer\TreeTamerCpp\TreeTamer\TreeTamer.h(65,51):
      see declaration of 'PathType'
  
C:\Users\Jerzy\source\repos\TreeTamer\TreeTamerCpp\TreeTamer\TreeTamer.h(65,47): error C2976: 'std::map': too few template arguments
  (compiling source file '/TreeTamer.cpp')
      C:\Program Files\Microsoft Visual Studio\2022\Community\VC\Tools\MSVC\14.43.34808\include\map(72,7):
      see declaration of 'std::map'
  
C:\Users\Jerzy\source\repos\TreeTamer\TreeTamerCpp\TreeTamer\TreeTamer.h(65,72): error C2955: 'std::map': use of class template requires template argument list
  (compiling source file '/TreeTamer.cpp')
      C:\Program Files\Microsoft Visual Studio\2022\Community\VC\Tools\MSVC\14.43.34808\include\map(72,7):
      see declaration of 'std::map'
  
C:\Users\Jerzy\source\repos\TreeTamer\TreeTamerCpp\TreeTamer\TreeTamer.h(66,1): error C2548: 'TreeTamer::TreeTamer<DataType>::processTree': missing default argument for parameter 2
  (compiling source file '/TreeTamer.cpp')
  
C:\Users\Jerzy\source\repos\TreeTamer\TreeTamerCpp\TreeTamer\TreeTamer.h(59,4): error C3861: 'tree': identifier not found
  (compiling source file '/TreeTamer.cpp')
  
C:\Users\Jerzy\source\repos\TreeTamer\TreeTamerCpp\TreeTamer\TreeTamer.h(59,18): error C2039: 'data': is not a member of 'TreeTamer::TreeTamerConfig'
  (compiling source file '/TreeTamer.cpp')
      C:\Users\Jerzy\source\repos\TreeTamer\TreeTamerCpp\TreeTamer\TreeTamer.h(35,8):
      see declaration of 'TreeTamer::TreeTamerConfig'
  
C:\Users\Jerzy\source\repos\TreeTamer\TreeTamerCpp\TreeTamer\TreeTamer.h(61,4): error C3861: 'onDataEntryFulfilledCallback': identifier not found
  (compiling source file '/TreeTamer.cpp')
  
C:\Users\Jerzy\source\repos\TreeTamer\TreeTamerCpp\TreeTamer\TreeTamer.h(61,42): error C2039: 'onDataEntryFulfilledCallback': is not a member of 'TreeTamer::TreeTamerConfig'
  (compiling source file '/TreeTamer.cpp')
      C:\Users\Jerzy\source\repos\TreeTamer\TreeTamerCpp\TreeTamer\TreeTamer.h(35,8):
      see declaration of 'TreeTamer::TreeTamerConfig'
  
C:\Users\Jerzy\source\repos\TreeTamer\TreeTamerCpp\TreeTamer\TreeTamer.h(62,4): error C3861: 'iterator': identifier not found
  (compiling source file '/TreeTamer.cpp')
  
C:\Users\Jerzy\source\repos\TreeTamer\TreeTamerCpp\TreeTamer\TreeTamer.h(62,15): error C3861: 'tree': identifier not found
  (compiling source file '/TreeTamer.cpp')
  
C:\Users\Jerzy\source\repos\TreeTamer\TreeTamerCpp\TreeTamer\TreeTamer.h(59,4): error C2065: 'tree': undeclared identifier
  (compiling source file '/TreeTamer.cpp')
  
C:\Users\Jerzy\source\repos\TreeTamer\TreeTamerCpp\TreeTamer\TreeTamer.h(61,4): error C2065: 'onDataEntryFulfilledCallback': undeclared identifier
  (compiling source file '/TreeTamer.cpp')
  
C:\Users\Jerzy\source\repos\TreeTamer\TreeTamerCpp\TreeTamer\TreeTamer.h(62,4): error C2065: 'iterator': undeclared identifier
  (compiling source file '/TreeTamer.cpp')
  
C:\Users\Jerzy\source\repos\TreeTamer\TreeTamerCpp\TreeTamer\TreeTamer.h(62,15): error C2065: 'tree': undeclared identifier
  (compiling source file '/TreeTamer.cpp')
  
C:\Users\Jerzy\source\repos\TreeTamer\TreeTamerCpp\TreeTamer\TreeTamer.h(74,10): error C2065: 'tree': undeclared identifier
  (compiling source file '/TreeTamer.cpp')
  
C:\Users\Jerzy\source\repos\TreeTamer\TreeTamerCpp\TreeTamer\TreeTamer.h(76,5): error C2760: syntax error: 'else' was unexpected here; expected 'statement'
  (compiling source file '/TreeTamer.cpp')
  
C:\Users\Jerzy\source\repos\TreeTamer\TreeTamerCpp\TreeTamer\TreeTamer.h(76,18): error C2065: 'tree': undeclared identifier
  (compiling source file '/TreeTamer.cpp')
  
C:\Users\Jerzy\source\repos\TreeTamer\TreeTamerCpp\TreeTamer\TreeTamer.h(89,9): error C2065: 'node': undeclared identifier
  (compiling source file '/TreeTamer.cpp')
  
C:\Users\Jerzy\source\repos\TreeTamer\TreeTamerCpp\TreeTamer\TreeTamer.h(91,6): error C2065: 'node': undeclared identifier
  (compiling source file '/TreeTamer.cpp')
  
C:\Users\Jerzy\source\repos\TreeTamer\TreeTamerCpp\TreeTamer\TreeTamer.h(101,5): error C2065: 'tree': undeclared identifier
  (compiling source file '/TreeTamer.cpp')
  
C:\Users\Jerzy\source\repos\TreeTamer\TreeTamerCpp\TreeTamer\TreeTamer.h(102,13): error C2065: 'tree': undeclared identifier
  (compiling source file '/TreeTamer.cpp')
  
C:\Users\Jerzy\source\repos\TreeTamer\TreeTamerCpp\TreeTamer\TreeTamer.h(103,3): error C2760: syntax error: '}' was unexpected here; expected 'statement'
  (compiling source file '/TreeTamer.cpp')
  
C:\Users\Jerzy\source\repos\TreeTamer\TreeTamerCpp\TreeTamer\TreeTamer.h(104,2): error C2760: syntax error: '}' was unexpected here; expected 'while'
  (compiling source file '/TreeTamer.cpp')
  
C:\Users\Jerzy\source\repos\TreeTamer\TreeTamerCpp\TreeTamer\TreeTamer.h(104,2): error C2760: syntax error: '}' was unexpected here; expected '('
  (compiling source file '/TreeTamer.cpp')
  
C:\Users\Jerzy\source\repos\TreeTamer\TreeTamerCpp\TreeTamer\TreeTamer.h(104,2): error C2760: syntax error: '}' was unexpected here; expected 'expression'
  (compiling source file '/TreeTamer.cpp')
  
C:\Users\Jerzy\source\repos\TreeTamer\TreeTamerCpp\TreeTamer\TreeTamer.h(104,2): error C2760: syntax error: '}' was unexpected here; expected ')'
  (compiling source file '/TreeTamer.cpp')
  
C:\Users\Jerzy\source\repos\TreeTamer\TreeTamerCpp\TreeTamer\TreeTamer.h(104,2): error C2760: syntax error: '}' was unexpected here; expected ';'
  (compiling source file '/TreeTamer.cpp')
  
C:\Users\Jerzy\source\repos\TreeTamer\TreeTamerCpp\TreeTamer\TreeTamer.cpp(8,11): error C2757: 'TreeTamer': a symbol with this name already exists and therefore this name cannot be used as a namespace name
  (compiling source file '/TreeTamer.cpp')
  
C:\Users\Jerzy\source\repos\TreeTamer\TreeTamerCpp\TreeTamer\TreeTamer.h(8,1): error C1075: '{': no matching token found
  (compiling source file '/TreeTamer.cpp')
  
